thomas: test
 thomas: toto
 thomas: test 3
 thomas: test tets
 thomas: test
 thomas: test
 thomas: test
 thomas: test
 thomas: test
 thomas: test
 thomas: test
 thomas: test
 thomas: test
 thomas: test
 thomas: test
 thomas: test
 thomas: test
 thomas: test
 thomas: test
 thomas: test
 thomas: test
 thomas: test
 thomas: test
 thomas: test
 thomas: test
 thomas: test
 thomas: test
 thomas: test
 thomas: t
 thomas: t
 thomas: t
 thomas: t
 thomas: t
 thomas: t
 thomas: t
 thomas: t
 thomas: toto
 thomas: tata
 thomas: toto
 thomas: tatat
 thomas: tararatrarta
 thomas: blabla
 thomas: blublu
 thomas: test
 thomas: test
 thomas: toto
 thomas: titi
 thomas: je suis titi
 thomas: je suis toto
 thomas: toto
 thomas: titi
 thomas: je suis titi
 thomas: qualquechose
 root: test
 root: toto
 root: test
 thomas: test
 thomas: toto
 root: coco
 thomas: titi
 root: toto
 root: je recoit rien
 root: ahahah
root: test
 root: test
 thomas: toto
 root: test
 root: test
 thomas: test
 invite: toto
 invite: je test
 thomas: hello
 invite: test
 thomas: test
 thomas: test test
 invite: test message
 thomas: thomas
 invite: invite
 invite: test
 thomas: test
 thomas: test
 invite: test 2
 thomas: test
 invite: test
 